Build started 24/10/2022 15:30:10.
     1>Project "C:\Users\Jordy\Desktop\shit\Akari\Akari.vcxproj" on node 2 (Build target(s)).
     1>ClCompile:
         Configuration.cpp
         ps3ppusnc.exe -D_DEBUG -D__CELL_ASSERT__ -D__PS3__ -DLIBNAME=cellPrx_Akari -DSTUBNAME=cellPrx_Akari_stub -o C:\Users\Jordy\Desktop\shit\bin-int\PS3-Debug\Configuration.o -c -Xdepmode=1 -MD -Xmserrors -IC:\Users\Jordy\Desktop\shit\vendor\VirtualShell\include -I. -IC:/usr/local/cell\target\ppu\include -IC:/usr/local/cell\target\common\include -I"C:/usr/local/cell\host-win32\sn\ppu\include" -g -O2 -Xnotocrestore=1 -Xstd=cpp11 -Xc-=rtti C:\Users\Jordy\Desktop\shit\Akari\Core\Configuration.cpp
         Helpers.cpp
         ps3ppusnc.exe -D_DEBUG -D__CELL_ASSERT__ -D__PS3__ -DLIBNAME=cellPrx_Akari -DSTUBNAME=cellPrx_Akari_stub -o C:\Users\Jordy\Desktop\shit\bin-int\PS3-Debug\Helpers.o -c -Xdepmode=1 -MD -Xmserrors -IC:\Users\Jordy\Desktop\shit\vendor\VirtualShell\include -I. -IC:/usr/local/cell\target\ppu\include -IC:/usr/local/cell\target\common\include -I"C:/usr/local/cell\host-win32\sn\ppu\include" -g -O2 -Xnotocrestore=1 -Xstd=cpp11 -Xc-=rtti C:\Users\Jordy\Desktop\shit\Akari\Core\Helpers.cpp
         Hooks.cpp
         ps3ppusnc.exe -D_DEBUG -D__CELL_ASSERT__ -D__PS3__ -DLIBNAME=cellPrx_Akari -DSTUBNAME=cellPrx_Akari_stub -o C:\Users\Jordy\Desktop\shit\bin-int\PS3-Debug\Hooks.o -c -Xdepmode=1 -MD -Xmserrors -IC:\Users\Jordy\Desktop\shit\vendor\VirtualShell\include -I. -IC:/usr/local/cell\target\ppu\include -IC:/usr/local/cell\target\common\include -I"C:/usr/local/cell\host-win32\sn\ppu\include" -g -O2 -Xnotocrestore=1 -Xstd=cpp11 -Xc-=rtti C:\Users\Jordy\Desktop\shit\Akari\Core\Hooks.cpp
         Base.cpp
         ps3ppusnc.exe -D_DEBUG -D__CELL_ASSERT__ -D__PS3__ -DLIBNAME=cellPrx_Akari -DSTUBNAME=cellPrx_Akari_stub -o C:\Users\Jordy\Desktop\shit\bin-int\PS3-Debug\Base.o -c -Xdepmode=1 -MD -Xmserrors -IC:\Users\Jordy\Desktop\shit\vendor\VirtualShell\include -I. -IC:/usr/local/cell\target\ppu\include -IC:/usr/local/cell\target\common\include -I"C:/usr/local/cell\host-win32\sn\ppu\include" -g -O2 -Xnotocrestore=1 -Xstd=cpp11 -Xc-=rtti C:\Users\Jordy\Desktop\shit\Akari\Core\Menu\Base.cpp
         Overlay.cpp
         ps3ppusnc.exe -D_DEBUG -D__CELL_ASSERT__ -D__PS3__ -DLIBNAME=cellPrx_Akari -DSTUBNAME=cellPrx_Akari_stub -o C:\Users\Jordy\Desktop\shit\bin-int\PS3-Debug\Overlay.o -c -Xdepmode=1 -MD -Xmserrors -IC:\Users\Jordy\Desktop\shit\vendor\VirtualShell\include -I. -IC:/usr/local/cell\target\ppu\include -IC:/usr/local/cell\target\common\include -I"C:/usr/local/cell\host-win32\sn\ppu\include" -g -O2 -Xnotocrestore=1 -Xstd=cpp11 -Xc-=rtti C:\Users\Jordy\Desktop\shit\Akari\Core\Menu\Overlay.cpp
         Submenus.cpp
         ps3ppusnc.exe -D_DEBUG -D__CELL_ASSERT__ -D__PS3__ -DLIBNAME=cellPrx_Akari -DSTUBNAME=cellPrx_Akari_stub -o C:\Users\Jordy\Desktop\shit\bin-int\PS3-Debug\Submenus.o -c -Xdepmode=1 -MD -Xmserrors -IC:\Users\Jordy\Desktop\shit\vendor\VirtualShell\include -I. -IC:/usr/local/cell\target\ppu\include -IC:/usr/local/cell\target\common\include -I"C:/usr/local/cell\host-win32\sn\ppu\include" -g -O2 -Xnotocrestore=1 -Xstd=cpp11 -Xc-=rtti C:\Users\Jordy\Desktop\shit\Akari\Core\Menu\Submenus.cpp
         vshcommon.cpp
         ps3ppusnc.exe -D_DEBUG -D__CELL_ASSERT__ -D__PS3__ -DLIBNAME=cellPrx_Akari -DSTUBNAME=cellPrx_Akari_stub -o C:\Users\Jordy\Desktop\shit\bin-int\PS3-Debug\vshcommon.o -c -Xdepmode=1 -MD -Xmserrors -IC:\Users\Jordy\Desktop\shit\vendor\VirtualShell\include -I. -IC:/usr/local/cell\target\ppu\include -IC:/usr/local/cell\target\common\include -I"C:/usr/local/cell\host-win32\sn\ppu\include" -g -O2 -Xnotocrestore=1 -Xstd=cpp11 -Xc-=rtti C:\Users\Jordy\Desktop\shit\Akari\Core\Exports\vsh\vshcommon.cpp
         vshmain.cpp
         ps3ppusnc.exe -D_DEBUG -D__CELL_ASSERT__ -D__PS3__ -DLIBNAME=cellPrx_Akari -DSTUBNAME=cellPrx_Akari_stub -o C:\Users\Jordy\Desktop\shit\bin-int\PS3-Debug\vshmain.o -c -Xdepmode=1 -MD -Xmserrors -IC:\Users\Jordy\Desktop\shit\vendor\VirtualShell\include -I. -IC:/usr/local/cell\target\ppu\include -IC:/usr/local/cell\target\common\include -I"C:/usr/local/cell\host-win32\sn\ppu\include" -g -O2 -Xnotocrestore=1 -Xstd=cpp11 -Xc-=rtti C:\Users\Jordy\Desktop\shit\Akari\Core\Exports\vsh\vshmain.cpp
         Rendering.cpp
         ps3ppusnc.exe -D_DEBUG -D__CELL_ASSERT__ -D__PS3__ -DLIBNAME=cellPrx_Akari -DSTUBNAME=cellPrx_Akari_stub -o C:\Users\Jordy\Desktop\shit\bin-int\PS3-Debug\Rendering.o -c -Xdepmode=1 -MD -Xmserrors -IC:\Users\Jordy\Desktop\shit\vendor\VirtualShell\include -I. -IC:/usr/local/cell\target\ppu\include -IC:/usr/local/cell\target\common\include -I"C:/usr/local/cell\host-win32\sn\ppu\include" -g -O2 -Xnotocrestore=1 -Xstd=cpp11 -Xc-=rtti C:\Users\Jordy\Desktop\shit\Akari\Core\Rendering.cpp
         PhHandler.cpp
         ps3ppusnc.exe -D_DEBUG -D__CELL_ASSERT__ -D__PS3__ -DLIBNAME=cellPrx_Akari -DSTUBNAME=cellPrx_Akari_stub -o C:\Users\Jordy\Desktop\shit\bin-int\PS3-Debug\PhHandler.o -c -Xdepmode=1 -MD -Xmserrors -IC:\Users\Jordy\Desktop\shit\vendor\VirtualShell\include -I. -IC:/usr/local/cell\target\ppu\include -IC:/usr/local/cell\target\common\include -I"C:/usr/local/cell\host-win32\sn\ppu\include" -g -O2 -Xnotocrestore=1 -Xstd=cpp11 -Xc-=rtti C:\Users\Jordy\Desktop\shit\Akari\Core\Exports\paf\PhHandler.cpp
         PhPlane.cpp
         ps3ppusnc.exe -D_DEBUG -D__CELL_ASSERT__ -D__PS3__ -DLIBNAME=cellPrx_Akari -DSTUBNAME=cellPrx_Akari_stub -o C:\Users\Jordy\Desktop\shit\bin-int\PS3-Debug\PhPlane.o -c -Xdepmode=1 -MD -Xmserrors -IC:\Users\Jordy\Desktop\shit\vendor\VirtualShell\include -I. -IC:/usr/local/cell\target\ppu\include -IC:/usr/local/cell\target\common\include -I"C:/usr/local/cell\host-win32\sn\ppu\include" -g -O2 -Xnotocrestore=1 -Xstd=cpp11 -Xc-=rtti C:\Users\Jordy\Desktop\shit\Akari\Core\Exports\paf\PhPlane.cpp
         PhText.cpp
         ps3ppusnc.exe -D_DEBUG -D__CELL_ASSERT__ -D__PS3__ -DLIBNAME=cellPrx_Akari -DSTUBNAME=cellPrx_Akari_stub -o C:\Users\Jordy\Desktop\shit\bin-int\PS3-Debug\PhText.o -c -Xdepmode=1 -MD -Xmserrors -IC:\Users\Jordy\Desktop\shit\vendor\VirtualShell\include -I. -IC:/usr/local/cell\target\ppu\include -IC:/usr/local/cell\target\common\include -I"C:/usr/local/cell\host-win32\sn\ppu\include" -g -O2 -Xnotocrestore=1 -Xstd=cpp11 -Xc-=rtti C:\Users\Jordy\Desktop\shit\Akari\Core\Exports\paf\PhText.cpp
         PhWidget.cpp
         ps3ppusnc.exe -D_DEBUG -D__CELL_ASSERT__ -D__PS3__ -DLIBNAME=cellPrx_Akari -DSTUBNAME=cellPrx_Akari_stub -o C:\Users\Jordy\Desktop\shit\bin-int\PS3-Debug\PhWidget.o -c -Xdepmode=1 -MD -Xmserrors -IC:\Users\Jordy\Desktop\shit\vendor\VirtualShell\include -I. -IC:/usr/local/cell\target\ppu\include -IC:/usr/local/cell\target\common\include -I"C:/usr/local/cell\host-win32\sn\ppu\include" -g -O2 -Xnotocrestore=1 -Xstd=cpp11 -Xc-=rtti C:\Users\Jordy\Desktop\shit\Akari\Core\Exports\paf\PhWidget.cpp
         Surface.cpp
         ps3ppusnc.exe -D_DEBUG -D__CELL_ASSERT__ -D__PS3__ -DLIBNAME=cellPrx_Akari -DSTUBNAME=cellPrx_Akari_stub -o C:\Users\Jordy\Desktop\shit\bin-int\PS3-Debug\Surface.o -c -Xdepmode=1 -MD -Xmserrors -IC:\Users\Jordy\Desktop\shit\vendor\VirtualShell\include -I. -IC:/usr/local/cell\target\ppu\include -IC:/usr/local/cell\target\common\include -I"C:/usr/local/cell\host-win32\sn\ppu\include" -g -O2 -Xnotocrestore=1 -Xstd=cpp11 -Xc-=rtti C:\Users\Jordy\Desktop\shit\Akari\Core\Exports\paf\Surface.cpp
         View.cpp
         ps3ppusnc.exe -D_DEBUG -D__CELL_ASSERT__ -D__PS3__ -DLIBNAME=cellPrx_Akari -DSTUBNAME=cellPrx_Akari_stub -o C:\Users\Jordy\Desktop\shit\bin-int\PS3-Debug\View.o -c -Xdepmode=1 -MD -Xmserrors -IC:\Users\Jordy\Desktop\shit\vendor\VirtualShell\include -I. -IC:/usr/local/cell\target\ppu\include -IC:/usr/local/cell\target\common\include -I"C:/usr/local/cell\host-win32\sn\ppu\include" -g -O2 -Xnotocrestore=1 -Xstd=cpp11 -Xc-=rtti C:\Users\Jordy\Desktop\shit\Akari\Core\Exports\paf\View.cpp
         prxmain.cpp
         ps3ppusnc.exe -D_DEBUG -D__CELL_ASSERT__ -D__PS3__ -DLIBNAME=cellPrx_Akari -DSTUBNAME=cellPrx_Akari_stub -o C:\Users\Jordy\Desktop\shit\bin-int\PS3-Debug\prxmain.o -c -Xdepmode=1 -MD -Xmserrors -IC:\Users\Jordy\Desktop\shit\vendor\VirtualShell\include -I. -IC:/usr/local/cell\target\ppu\include -IC:/usr/local/cell\target\common\include -I"C:/usr/local/cell\host-win32\sn\ppu\include" -g -O2 -Xnotocrestore=1 -Xstd=cpp11 -Xc-=rtti C:\Users\Jordy\Desktop\shit\Akari\prxmain.cpp
         Math.cpp
         ps3ppusnc.exe -D_DEBUG -D__CELL_ASSERT__ -D__PS3__ -DLIBNAME=cellPrx_Akari -DSTUBNAME=cellPrx_Akari_stub -o C:\Users\Jordy\Desktop\shit\bin-int\PS3-Debug\Math.o -c -Xdepmode=1 -MD -Xmserrors -IC:\Users\Jordy\Desktop\shit\vendor\VirtualShell\include -I. -IC:/usr/local/cell\target\ppu\include -IC:/usr/local/cell\target\common\include -I"C:/usr/local/cell\host-win32\sn\ppu\include" -g -O2 -Xnotocrestore=1 -Xstd=cpp11 -Xc-=rtti C:\Users\Jordy\Desktop\shit\Akari\Utilities\Math.cpp
         Easing.cpp
         ps3ppusnc.exe -D_DEBUG -D__CELL_ASSERT__ -D__PS3__ -DLIBNAME=cellPrx_Akari -DSTUBNAME=cellPrx_Akari_stub -o C:\Users\Jordy\Desktop\shit\bin-int\PS3-Debug\Easing.o -c -Xdepmode=1 -MD -Xmserrors -IC:\Users\Jordy\Desktop\shit\vendor\VirtualShell\include -I. -IC:/usr/local/cell\target\ppu\include -IC:/usr/local/cell\target\common\include -I"C:/usr/local/cell\host-win32\sn\ppu\include" -g -O2 -Xnotocrestore=1 -Xstd=cpp11 -Xc-=rtti C:\Users\Jordy\Desktop\shit\Akari\Utilities\Math\Easing.cpp
         vec2.cpp
         ps3ppusnc.exe -D_DEBUG -D__CELL_ASSERT__ -D__PS3__ -DLIBNAME=cellPrx_Akari -DSTUBNAME=cellPrx_Akari_stub -o C:\Users\Jordy\Desktop\shit\bin-int\PS3-Debug\vec2.o -c -Xdepmode=1 -MD -Xmserrors -IC:\Users\Jordy\Desktop\shit\vendor\VirtualShell\include -I. -IC:/usr/local/cell\target\ppu\include -IC:/usr/local/cell\target\common\include -I"C:/usr/local/cell\host-win32\sn\ppu\include" -g -O2 -Xnotocrestore=1 -Xstd=cpp11 -Xc-=rtti C:\Users\Jordy\Desktop\shit\Akari\Utilities\Math\vec2.cpp
         vec3.cpp
         ps3ppusnc.exe -D_DEBUG -D__CELL_ASSERT__ -D__PS3__ -DLIBNAME=cellPrx_Akari -DSTUBNAME=cellPrx_Akari_stub -o C:\Users\Jordy\Desktop\shit\bin-int\PS3-Debug\vec3.o -c -Xdepmode=1 -MD -Xmserrors -IC:\Users\Jordy\Desktop\shit\vendor\VirtualShell\include -I. -IC:/usr/local/cell\target\ppu\include -IC:/usr/local/cell\target\common\include -I"C:/usr/local/cell\host-win32\sn\ppu\include" -g -O2 -Xnotocrestore=1 -Xstd=cpp11 -Xc-=rtti C:\Users\Jordy\Desktop\shit\Akari\Utilities\Math\vec3.cpp
         vec4.cpp
         ps3ppusnc.exe -D_DEBUG -D__CELL_ASSERT__ -D__PS3__ -DLIBNAME=cellPrx_Akari -DSTUBNAME=cellPrx_Akari_stub -o C:\Users\Jordy\Desktop\shit\bin-int\PS3-Debug\vec4.o -c -Xdepmode=1 -MD -Xmserrors -IC:\Users\Jordy\Desktop\shit\vendor\VirtualShell\include -I. -IC:/usr/local/cell\target\ppu\include -IC:/usr/local/cell\target\common\include -I"C:/usr/local/cell\host-win32\sn\ppu\include" -g -O2 -Xnotocrestore=1 -Xstd=cpp11 -Xc-=rtti C:\Users\Jordy\Desktop\shit\Akari\Utilities\Math\vec4.cpp
         Memory.cpp
         ps3ppusnc.exe -D_DEBUG -D__CELL_ASSERT__ -D__PS3__ -DLIBNAME=cellPrx_Akari -DSTUBNAME=cellPrx_Akari_stub -o C:\Users\Jordy\Desktop\shit\bin-int\PS3-Debug\Memory.o -c -Xdepmode=1 -MD -Xmserrors -IC:\Users\Jordy\Desktop\shit\vendor\VirtualShell\include -I. -IC:/usr/local/cell\target\ppu\include -IC:/usr/local/cell\target\common\include -I"C:/usr/local/cell\host-win32\sn\ppu\include" -g -O2 -Xnotocrestore=1 -Xstd=cpp11 -Xc-=rtti C:\Users\Jordy\Desktop\shit\Akari\Utilities\Memory.cpp
         Detours.cpp
         ps3ppusnc.exe -D_DEBUG -D__CELL_ASSERT__ -D__PS3__ -DLIBNAME=cellPrx_Akari -DSTUBNAME=cellPrx_Akari_stub -o C:\Users\Jordy\Desktop\shit\bin-int\PS3-Debug\Detours.o -c -Xdepmode=1 -MD -Xmserrors -IC:\Users\Jordy\Desktop\shit\vendor\VirtualShell\include -I. -IC:/usr/local/cell\target\ppu\include -IC:/usr/local/cell\target\common\include -I"C:/usr/local/cell\host-win32\sn\ppu\include" -g -O2 -Xnotocrestore=1 -Xstd=cpp11 -Xc-=rtti C:\Users\Jordy\Desktop\shit\Akari\Utilities\Memory\Detours.cpp
         ImportsExports.cpp
         ps3ppusnc.exe -D_DEBUG -D__CELL_ASSERT__ -D__PS3__ -DLIBNAME=cellPrx_Akari -DSTUBNAME=cellPrx_Akari_stub -o C:\Users\Jordy\Desktop\shit\bin-int\PS3-Debug\ImportsExports.o -c -Xdepmode=1 -MD -Xmserrors -IC:\Users\Jordy\Desktop\shit\vendor\VirtualShell\include -I. -IC:/usr/local/cell\target\ppu\include -IC:/usr/local/cell\target\common\include -I"C:/usr/local/cell\host-win32\sn\ppu\include" -g -O2 -Xnotocrestore=1 -Xstd=cpp11 -Xc-=rtti C:\Users\Jordy\Desktop\shit\Akari\Utilities\Memory\ImportsExports.cpp
         Patterns.cpp
         ps3ppusnc.exe -D_DEBUG -D__CELL_ASSERT__ -D__PS3__ -DLIBNAME=cellPrx_Akari -DSTUBNAME=cellPrx_Akari_stub -o C:\Users\Jordy\Desktop\shit\bin-int\PS3-Debug\Patterns.o -c -Xdepmode=1 -MD -Xmserrors -IC:\Users\Jordy\Desktop\shit\vendor\VirtualShell\include -I. -IC:/usr/local/cell\target\ppu\include -IC:/usr/local/cell\target\common\include -I"C:/usr/local/cell\host-win32\sn\ppu\include" -g -O2 -Xnotocrestore=1 -Xstd=cpp11 -Xc-=rtti C:\Users\Jordy\Desktop\shit\Akari\Utilities\Memory\Patterns.cpp
         System.cpp
         ps3ppusnc.exe -D_DEBUG -D__CELL_ASSERT__ -D__PS3__ -DLIBNAME=cellPrx_Akari -DSTUBNAME=cellPrx_Akari_stub -o C:\Users\Jordy\Desktop\shit\bin-int\PS3-Debug\System.o -c -Xdepmode=1 -MD -Xmserrors -IC:\Users\Jordy\Desktop\shit\vendor\VirtualShell\include -I. -IC:/usr/local/cell\target\ppu\include -IC:/usr/local/cell\target\common\include -I"C:/usr/local/cell\host-win32\sn\ppu\include" -g -O2 -Xnotocrestore=1 -Xstd=cpp11 -Xc-=rtti C:\Users\Jordy\Desktop\shit\Akari\Utilities\System.cpp
         ConsoleInfo.cpp
         ps3ppusnc.exe -D_DEBUG -D__CELL_ASSERT__ -D__PS3__ -DLIBNAME=cellPrx_Akari -DSTUBNAME=cellPrx_Akari_stub -o C:\Users\Jordy\Desktop\shit\bin-int\PS3-Debug\ConsoleInfo.o -c -Xdepmode=1 -MD -Xmserrors -IC:\Users\Jordy\Desktop\shit\vendor\VirtualShell\include -I. -IC:/usr/local/cell\target\ppu\include -IC:/usr/local/cell\target\common\include -I"C:/usr/local/cell\host-win32\sn\ppu\include" -g -O2 -Xnotocrestore=1 -Xstd=cpp11 -Xc-=rtti C:\Users\Jordy\Desktop\shit\Akari\Utilities\System\ConsoleInfo.cpp
         ConvertUTF.cpp
         ps3ppusnc.exe -D_DEBUG -D__CELL_ASSERT__ -D__PS3__ -DLIBNAME=cellPrx_Akari -DSTUBNAME=cellPrx_Akari_stub -o C:\Users\Jordy\Desktop\shit\bin-int\PS3-Debug\ConvertUTF.o -c -Xdepmode=1 -MD -Xmserrors -IC:\Users\Jordy\Desktop\shit\vendor\VirtualShell\include -I. -IC:/usr/local/cell\target\ppu\include -IC:/usr/local/cell\target\common\include -I"C:/usr/local/cell\host-win32\sn\ppu\include" -g -O2 -Xnotocrestore=1 -Xstd=cpp11 -Xc-=rtti C:\Users\Jordy\Desktop\shit\Akari\Utilities\System\ConvertUTF.cpp
         File.cpp
         ps3ppusnc.exe -D_DEBUG -D__CELL_ASSERT__ -D__PS3__ -DLIBNAME=cellPrx_Akari -DSTUBNAME=cellPrx_Akari_stub -o C:\Users\Jordy\Desktop\shit\bin-int\PS3-Debug\File.o -c -Xdepmode=1 -MD -Xmserrors -IC:\Users\Jordy\Desktop\shit\vendor\VirtualShell\include -I. -IC:/usr/local/cell\target\ppu\include -IC:/usr/local/cell\target\common\include -I"C:/usr/local/cell\host-win32\sn\ppu\include" -g -O2 -Xnotocrestore=1 -Xstd=cpp11 -Xc-=rtti C:\Users\Jordy\Desktop\shit\Akari\Utilities\System\File.cpp
         Input.cpp
         ps3ppusnc.exe -D_DEBUG -D__CELL_ASSERT__ -D__PS3__ -DLIBNAME=cellPrx_Akari -DSTUBNAME=cellPrx_Akari_stub -o C:\Users\Jordy\Desktop\shit\bin-int\PS3-Debug\Input.o -c -Xdepmode=1 -MD -Xmserrors -IC:\Users\Jordy\Desktop\shit\vendor\VirtualShell\include -I. -IC:/usr/local/cell\target\ppu\include -IC:/usr/local/cell\target\common\include -I"C:/usr/local/cell\host-win32\sn\ppu\include" -g -O2 -Xnotocrestore=1 -Xstd=cpp11 -Xc-=rtti C:\Users\Jordy\Desktop\shit\Akari\Core\Input.cpp
         SystemCalls.cpp
         ps3ppusnc.exe -D_DEBUG -D__CELL_ASSERT__ -D__PS3__ -DLIBNAME=cellPrx_Akari -DSTUBNAME=cellPrx_Akari_stub -o C:\Users\Jordy\Desktop\shit\bin-int\PS3-Debug\SystemCalls.o -c -Xdepmode=1 -MD -Xmserrors -IC:\Users\Jordy\Desktop\shit\vendor\VirtualShell\include -I. -IC:/usr/local/cell\target\ppu\include -IC:/usr/local/cell\target\common\include -I"C:/usr/local/cell\host-win32\sn\ppu\include" -g -O2 -Xnotocrestore=1 -Xstd=cpp11 -Xc-=rtti C:\Users\Jordy\Desktop\shit\Akari\Utilities\System\SystemCalls.cpp
         Timers.cpp
         ps3ppusnc.exe -D_DEBUG -D__CELL_ASSERT__ -D__PS3__ -DLIBNAME=cellPrx_Akari -DSTUBNAME=cellPrx_Akari_stub -o C:\Users\Jordy\Desktop\shit\bin-int\PS3-Debug\Timers.o -c -Xdepmode=1 -MD -Xmserrors -IC:\Users\Jordy\Desktop\shit\vendor\VirtualShell\include -I. -IC:/usr/local/cell\target\ppu\include -IC:/usr/local/cell\target\common\include -I"C:/usr/local/cell\host-win32\sn\ppu\include" -g -O2 -Xnotocrestore=1 -Xstd=cpp11 -Xc-=rtti C:\Users\Jordy\Desktop\shit\Akari\Utilities\System\Timers.cpp
       Link:
         C:\usr\local\cell\host-win32\sn\bin\ps3ppuld64.exe -oformat=fsprx -o "C:\Users\Jordy\Desktop\shit\bin\PS3-Debug\Akari.sprx" -LC:\Users\Jordy\Desktop\shit\vendor\VirtualShell\lib\ -L"C:/usr/local/cell\host-win32\lib\prx\ldscripts" --notocrestore -s -strip-unused-data --start-group "C:\Users\Jordy\Desktop\shit\bin-int\PS3-Debug\Configuration.o" "C:\Users\Jordy\Desktop\shit\bin-int\PS3-Debug\Helpers.o" "C:\Users\Jordy\Desktop\shit\bin-int\PS3-Debug\Hooks.o" "C:\Users\Jordy\Desktop\shit\bin-int\PS3-Debug\Base.o" "C:\Users\Jordy\Desktop\shit\bin-int\PS3-Debug\Overlay.o" "C:\Users\Jordy\Desktop\shit\bin-int\PS3-Debug\Submenus.o" "C:\Users\Jordy\Desktop\shit\bin-int\PS3-Debug\vshcommon.o" "C:\Users\Jordy\Desktop\shit\bin-int\PS3-Debug\vshmain.o" "C:\Users\Jordy\Desktop\shit\bin-int\PS3-Debug\Rendering.o" "C:\Users\Jordy\Desktop\shit\bin-int\PS3-Debug\PhHandler.o" "C:\Users\Jordy\Desktop\shit\bin-int\PS3-Debug\PhPlane.o" "C:\Users\Jordy\Desktop\shit\bin-int\PS3-Debug\PhText.o" "C:\Users\Jordy\Desktop\shit\bin-int\PS3-Debug\PhWidget.o" "C:\Users\Jordy\Desktop\shit\bin-int\PS3-Debug\Surface.o" "C:\Users\Jordy\Desktop\shit\bin-int\PS3-Debug\View.o" "C:\Users\Jordy\Desktop\shit\bin-int\PS3-Debug\prxmain.o" "C:\Users\Jordy\Desktop\shit\bin-int\PS3-Debug\Math.o" "C:\Users\Jordy\Desktop\shit\bin-int\PS3-Debug\Easing.o" "C:\Users\Jordy\Desktop\shit\bin-int\PS3-Debug\vec2.o" "C:\Users\Jordy\Desktop\shit\bin-int\PS3-Debug\vec3.o" "C:\Users\Jordy\Desktop\shit\bin-int\PS3-Debug\vec4.o" "C:\Users\Jordy\Desktop\shit\bin-int\PS3-Debug\Memory.o" "C:\Users\Jordy\Desktop\shit\bin-int\PS3-Debug\Detours.o" "C:\Users\Jordy\Desktop\shit\bin-int\PS3-Debug\ImportsExports.o" "C:\Users\Jordy\Desktop\shit\bin-int\PS3-Debug\Patterns.o" "C:\Users\Jordy\Desktop\shit\bin-int\PS3-Debug\System.o" "C:\Users\Jordy\Desktop\shit\bin-int\PS3-Debug\ConsoleInfo.o" "C:\Users\Jordy\Desktop\shit\bin-int\PS3-Debug\ConvertUTF.o" "C:\Users\Jordy\Desktop\shit\bin-int\PS3-Debug\File.o" "C:\Users\Jordy\Desktop\shit\bin-int\PS3-Debug\Input.o" "C:\Users\Jordy\Desktop\shit\bin-int\PS3-Debug\SystemCalls.o" "C:\Users\Jordy\Desktop\shit\bin-int\PS3-Debug\Timers.o" libsn.a libm.a libio_stub.a libfs_stub.a "C:/usr/local/cell\target\ppu\lib\fno-exceptions\libstdc++_stub.a" "C:/usr/local/cell\target\ppu\lib\fno-exceptions\fno-rtti\libstdc++_stub.a" C:/usr/local/cell\target\ppu\lib\libc.a C:/usr/local/cell\target\ppu\lib\libc_stub.a C:/usr/local/cell\target\ppu\lib\libstdc++_stub.a C:/usr/local/cell\target\ppu\lib\libsyscall.a C:/usr/local/cell\target\ppu\lib\libsysutil_stub.a C:/usr/local/cell\target\ppu\lib\librtc_stub.a "-lallocator_export_stub" "-lcrashdump_system_export_stub" "-lesecron_export_stub" "-lnetctl_main_export_stub" "-lpaf_export_stub" "-lpngdec_ppuonly_export_stub" "-lsdk_export_stub" "-lstdc_export_stub" "-lsys_io_export_stub" "-lsys_net_export_stub" "-lsysPrxForUser_export_stub" "-lvsh_export_stub" "-lvshmain_export_stub" "-lvshcommon_export_stub" "-lvshtask_export_stub" "-lxsetting_export_stub" libsn.a libm.a libio_stub.a libfs_stub.a --end-group
         Akari.vcxproj -> C:\Users\Jordy\Desktop\shit\bin\PS3-Debug\Akari.sprx
       PostBuildEvent:
         call "C:\Users\Jordy\Desktop\shit\Increment.bat" "C:\Users\Jordy\Desktop\shit\Akari\Core\Version.h" "BUILD_NUMBER"
         :VCEnd
         Incrementing BUILD_NUMBER from 461 to 462
     1>Done Building Project "C:\Users\Jordy\Desktop\shit\Akari\Akari.vcxproj" (Build target(s)).

Build succeeded.

Time Elapsed 00:00:41.05
